info it worked if it ends with ok
verbose cli [ 'node', '/usr/local/bin/npm', 'install', '-g', 'zmq' ]
info using npm@1.0.104
info using node@v0.6.0
verbose config file /Users/sharon/.npmrc
verbose config file /usr/local/etc/npmrc
verbose config file /usr/local/lib/node_modules/npm/npmrc
verbose into /usr/local/lib [ 'zmq' ]
verbose cache add zmq
verbose cache add [ 'zmq', null ]
silly cache add: name, spec, args [ undefined, 'zmq', [ 'zmq', null ] ]
verbose parsed url { pathname: 'zmq', path: 'zmq', href: 'zmq' }
info addNamed [ 'zmq', '' ]
verbose addNamed [ null, '' ]
verbose GET zmq
verbose raw, before any munging zmq
verbose url resolving [ 'https://registry.npmjs.org/', './zmq' ]
verbose url resolved https://registry.npmjs.org/zmq
silly get cb [ 200,
silly get cb   { vary: 'Accept',
silly get cb     server: 'CouchDB/1.1.0 (Erlang OTP/R14B04)',
silly get cb     etag: '"AFHZY6P36E6HKDGVXYMJCMPL4"',
silly get cb     date: 'Sun, 20 Nov 2011 21:28:59 GMT',
silly get cb     'content-type': 'application/json',
silly get cb     'content-length': '5477' } ]
verbose mkdir (expected) error ENOENT, No such file or directory '/Users/sharon/.npm/zmq'
verbose mkdir done: /Users/sharon/.npm/zmq 755
verbose GET zmq/1.0.3
verbose raw, before any munging zmq/1.0.3
verbose url resolving [ 'https://registry.npmjs.org/', './zmq/1.0.3' ]
verbose url resolved https://registry.npmjs.org/zmq/1.0.3
silly get cb [ 200,
silly get cb   { vary: 'Accept',
silly get cb     server: 'CouchDB/1.1.0 (Erlang OTP/R14B04)',
silly get cb     etag: '"AFHZY6P36E6HKDGVXYMJCMPL4"',
silly get cb     date: 'Sun, 20 Nov 2011 21:29:01 GMT',
silly get cb     'content-type': 'application/json',
silly get cb     'content-length': '1331' } ]
verbose mkdir (expected) error ENOENT, No such file or directory '/Users/sharon/.npm/zmq/1.0.3'
verbose mkdir done: /Users/sharon/.npm/zmq/1.0.3 755
verbose bin dist [ '0.6-ares1.7.5-DEV-evundefined-openssl0.9.8o-v83.6.6.6-darwin-x64-11.2.0',
verbose bin dist   { shasum: '3af9a52103c125b8de16a60c2219fdb692d7966a',
verbose bin dist     tarball: 'http://registry.npmjs.org/zmq/-/zmq-1.0.3.tgz' } ]
verbose addRemoteTarball [ 'https://registry.npmjs.org/zmq/-/zmq-1.0.3.tgz',
verbose addRemoteTarball   '3af9a52103c125b8de16a60c2219fdb692d7966a' ]
verbose mkdir (expected) error ENOENT, No such file or directory '/var/folders/01/c900swj17p549wz151x4bdwm0000gr/T/npm-1321824541356'
verbose mkdir (expected) error ENOENT, No such file or directory '/var/folders/01/c900swj17p549wz151x4bdwm0000gr/T/npm-1321824541356/1321824541356-0.18815393885597587'
verbose mkdir done: /var/folders/01/c900swj17p549wz151x4bdwm0000gr/T/npm-1321824541356/1321824541356-0.18815393885597587 755
info fetch https://registry.npmjs.org/zmq/-/zmq-1.0.3.tgz
verbose fetch to /var/folders/01/c900swj17p549wz151x4bdwm0000gr/T/npm-1321824541356/1321824541356-0.18815393885597587/tmp.tgz
silly updated sha bytes 20480
info shasum 3af9a52103c125b8de16a60c2219fdb692d7966a
info shasum /var/folders/01/c900swj17p549wz151x4bdwm0000gr/T/npm-1321824541356/1321824541356-0.18815393885597587/tmp.tgz
verbose mkdir (expected) error ENOENT, No such file or directory '/var/folders/01/c900swj17p549wz151x4bdwm0000gr/T/npm-1321824541356/1321824541356-0.18815393885597587/contents'
verbose mkdir (expected) error ENOENT, No such file or directory '/var/folders/01/c900swj17p549wz151x4bdwm0000gr/T/npm-1321824541356/1321824541356-0.18815393885597587/contents/___package.npm'
verbose mkdir done: /var/folders/01/c900swj17p549wz151x4bdwm0000gr/T/npm-1321824541356/1321824541356-0.18815393885597587/contents/___package.npm 755
verbose unpack_ uid, gid [ undefined, undefined ]
verbose unpackTarget /var/folders/01/c900swj17p549wz151x4bdwm0000gr/T/npm-1321824541356/1321824541356-0.18815393885597587/contents/package
silly gunzTarPerm modes [ '755', '644' ]
silly spawning [ 'tar',
silly spawning   [ '-zmvxpf',
silly spawning     '/var/folders/01/c900swj17p549wz151x4bdwm0000gr/T/npm-1321824541356/1321824541356-0.18815393885597587/tmp.tgz' ],
silly spawning   '/var/folders/01/c900swj17p549wz151x4bdwm0000gr/T/npm-1321824541356/1321824541356-0.18815393885597587/contents/___package.npm' ]
silly tar err x package/.gitignore
silly tar err x package/binding.cc
silly tar err x package/LICENSE
silly tar err x package/package.json
silly tar err x package/README.md
silly tar err x package/wscript
silly tar err x package/zmq.js
silly tar err x package/test/stress_buffer.js
silly tar err x package/test/test.js
silly tar err x package/examples/connections.js
silly tar err x package/examples/pub.js
silly tar err x package/examples/simple-client.js
silly tar err x package/examples/simple-server.js
silly tar err x package/examples/stress-test-client.c
silly tar err x package/examples/stress-test-client.rb
silly tar err x package/examples/stress-test-server.js
silly tar err x package/examples/sub.js
silly tar err x package/examples/mongrel2/mongrel2.js
silly tar err x package/examples/mongrel2/sample.conf
silly asyncMap in gTP /var/folders/01/c900swj17p549wz151x4bdwm0000gr/T/npm-1321824541356/1321824541356-0.18815393885597587/contents/___package.npm/package
silly asyncMap in gTP /var/folders/01/c900swj17p549wz151x4bdwm0000gr/T/npm-1321824541356/1321824541356-0.18815393885597587/contents/___package.npm/package/.gitignore
silly asyncMap in gTP /var/folders/01/c900swj17p549wz151x4bdwm0000gr/T/npm-1321824541356/1321824541356-0.18815393885597587/contents/___package.npm/package/binding.cc
silly asyncMap in gTP /var/folders/01/c900swj17p549wz151x4bdwm0000gr/T/npm-1321824541356/1321824541356-0.18815393885597587/contents/___package.npm/package/LICENSE
silly asyncMap in gTP /var/folders/01/c900swj17p549wz151x4bdwm0000gr/T/npm-1321824541356/1321824541356-0.18815393885597587/contents/___package.npm/package/package.json
silly asyncMap in gTP /var/folders/01/c900swj17p549wz151x4bdwm0000gr/T/npm-1321824541356/1321824541356-0.18815393885597587/contents/___package.npm/package/README.md
silly asyncMap in gTP /var/folders/01/c900swj17p549wz151x4bdwm0000gr/T/npm-1321824541356/1321824541356-0.18815393885597587/contents/___package.npm/package/wscript
silly asyncMap in gTP /var/folders/01/c900swj17p549wz151x4bdwm0000gr/T/npm-1321824541356/1321824541356-0.18815393885597587/contents/___package.npm/package/zmq.js
silly asyncMap in gTP /var/folders/01/c900swj17p549wz151x4bdwm0000gr/T/npm-1321824541356/1321824541356-0.18815393885597587/contents/___package.npm/package/test
silly asyncMap in gTP /var/folders/01/c900swj17p549wz151x4bdwm0000gr/T/npm-1321824541356/1321824541356-0.18815393885597587/contents/___package.npm/package/test/stress_buffer.js
silly asyncMap in gTP /var/folders/01/c900swj17p549wz151x4bdwm0000gr/T/npm-1321824541356/1321824541356-0.18815393885597587/contents/___package.npm/package/test/test.js
silly asyncMap in gTP /var/folders/01/c900swj17p549wz151x4bdwm0000gr/T/npm-1321824541356/1321824541356-0.18815393885597587/contents/___package.npm/package/examples
silly asyncMap in gTP /var/folders/01/c900swj17p549wz151x4bdwm0000gr/T/npm-1321824541356/1321824541356-0.18815393885597587/contents/___package.npm/package/examples/connections.js
silly asyncMap in gTP /var/folders/01/c900swj17p549wz151x4bdwm0000gr/T/npm-1321824541356/1321824541356-0.18815393885597587/contents/___package.npm/package/examples/pub.js
silly asyncMap in gTP /var/folders/01/c900swj17p549wz151x4bdwm0000gr/T/npm-1321824541356/1321824541356-0.18815393885597587/contents/___package.npm/package/examples/simple-client.js
silly asyncMap in gTP /var/folders/01/c900swj17p549wz151x4bdwm0000gr/T/npm-1321824541356/1321824541356-0.18815393885597587/contents/___package.npm/package/examples/simple-server.js
silly asyncMap in gTP /var/folders/01/c900swj17p549wz151x4bdwm0000gr/T/npm-1321824541356/1321824541356-0.18815393885597587/contents/___package.npm/package/examples/stress-test-client.c
silly asyncMap in gTP /var/folders/01/c900swj17p549wz151x4bdwm0000gr/T/npm-1321824541356/1321824541356-0.18815393885597587/contents/___package.npm/package/examples/stress-test-client.rb
silly asyncMap in gTP /var/folders/01/c900swj17p549wz151x4bdwm0000gr/T/npm-1321824541356/1321824541356-0.18815393885597587/contents/___package.npm/package/examples/stress-test-server.js
silly asyncMap in gTP /var/folders/01/c900swj17p549wz151x4bdwm0000gr/T/npm-1321824541356/1321824541356-0.18815393885597587/contents/___package.npm/package/examples/sub.js
silly asyncMap in gTP /var/folders/01/c900swj17p549wz151x4bdwm0000gr/T/npm-1321824541356/1321824541356-0.18815393885597587/contents/___package.npm/package/examples/mongrel2
silly asyncMap in gTP /var/folders/01/c900swj17p549wz151x4bdwm0000gr/T/npm-1321824541356/1321824541356-0.18815393885597587/contents/___package.npm/package/examples/mongrel2/mongrel2.js
silly asyncMap in gTP /var/folders/01/c900swj17p549wz151x4bdwm0000gr/T/npm-1321824541356/1321824541356-0.18815393885597587/contents/___package.npm/package/examples/mongrel2/sample.conf
verbose gunzed /var/folders/01/c900swj17p549wz151x4bdwm0000gr/T/npm-1321824541356/1321824541356-0.18815393885597587/contents/___package.npm/package
verbose rm'ed /var/folders/01/c900swj17p549wz151x4bdwm0000gr/T/npm-1321824541356/1321824541356-0.18815393885597587/contents/package
verbose renamed [ '/var/folders/01/c900swj17p549wz151x4bdwm0000gr/T/npm-1321824541356/1321824541356-0.18815393885597587/contents/___package.npm/package',
verbose renamed   '/var/folders/01/c900swj17p549wz151x4bdwm0000gr/T/npm-1321824541356/1321824541356-0.18815393885597587/contents/package' ]
verbose has wscript [ undefined,
verbose has wscript   { file: '/var/folders/01/c900swj17p549wz151x4bdwm0000gr/T/npm-1321824541356/1321824541356-0.18815393885597587/contents/package/package.json',
verbose has wscript     contributors: false,
verbose has wscript     serverjs: false,
verbose has wscript     wscript: true } ]
silly testEngine { name: 'zmq',
silly testEngine   version: '1.0.3',
silly testEngine   description: 'Bindings for node.js to zeromq',
silly testEngine   main: 'zmq',
silly testEngine   repository: 
silly testEngine    { type: 'git',
silly testEngine      url: 'git://github.com/JustinTulloss/zeromq.node.git' },
silly testEngine   engines: { node: '>=0.3.0' },
silly testEngine   contributors: 
silly testEngine    [ { name: 'Justin Tulloss',
silly testEngine        email: 'justin.tulloss@gmail.com',
silly testEngine        url: 'http://justin.harmonize.fm' },
silly testEngine      { name: 'Stéphan Kochen',
silly testEngine        email: 'stephan@kochen.nl',
silly testEngine        url: 'http://stephan.kochen.nl/' },
silly testEngine      { name: 'Mike Castleman',
silly testEngine        email: 'm@mlcastle.net',
silly testEngine        url: 'http://mlcastle.net/' },
silly testEngine      { name: 'Matt Crocker' },
silly testEngine      { name: 'Jeremy Barnes',
silly testEngine        email: 'jeremy@barneso.com',
silly testEngine        url: 'http://www.barneso.com/' },
silly testEngine      { name: 'Rick',
silly testEngine        email: 'technoweenie@gmail.com',
silly testEngine        url: 'http://techno-weenie.net/' },
silly testEngine      { name: 'Corey Jewett', url: 'http://syntheticplayground.com/' },
silly testEngine      { name: 'Micheil Smith',
silly testEngine        email: 'micheil@brandedcode.com',
silly testEngine        url: 'http://brandedcode.com/' } ],
silly testEngine   _id: 'zmq@1.0.3',
silly testEngine   scripts: { preinstall: 'node-waf clean || true; node-waf configure build' },
silly testEngine   dependencies: {},
silly testEngine   devDependencies: {},
silly testEngine   _engineSupported: true,
silly testEngine   _npmVersion: '1.0.104',
silly testEngine   _nodeVersion: 'v0.6.0',
silly testEngine   _defaultsLoaded: true,
silly testEngine   path: '/var/folders/01/c900swj17p549wz151x4bdwm0000gr/T/npm-1321824541356/1321824541356-0.18815393885597587/contents/package' }
verbose caching /var/folders/01/c900swj17p549wz151x4bdwm0000gr/T/npm-1321824541356/1321824541356-0.18815393885597587/contents/package/package.json
verbose loadDefaults zmq@1.0.3
verbose tarball contents [ 'package' ]
verbose from cache /var/folders/01/c900swj17p549wz151x4bdwm0000gr/T/npm-1321824541356/1321824541356-0.18815393885597587/contents/package/package.json
verbose pack /var/folders/01/c900swj17p549wz151x4bdwm0000gr/T/npm-1321824541356/1321824541356-0.18815393885597587/contents/package /Users/sharon/.npm/zmq/1.0.3/package.tgz
verbose mkdir'ed /Users/sharon/.npm/zmq/1.0.3
verbose tar about to write tar and gzip it.
silly tar args [ '-czvf', '-', '-T', '-' ]
silly spawning [ 'tar',
silly spawning   [ '-czvf', '-', '-T', '-' ],
silly spawning   '/var/folders/01/c900swj17p549wz151x4bdwm0000gr/T/npm-1321824541356/1321824541356-0.18815393885597587/contents' ]
verbose mkdir (expected) error ENOENT, No such file or directory '/Users/sharon/.npm/zmq/1.0.3/___package.npm'
verbose mkdir done: /Users/sharon/.npm/zmq/1.0.3/___package.npm 755
verbose unpack_ uid, gid [ undefined, undefined ]
verbose unpackTarget /Users/sharon/.npm/zmq/1.0.3/package
silly gunzTarPerm modes [ '755', '644' ]
silly spawning [ 'tar',
silly spawning   [ '-zmvxpf', '/Users/sharon/.npm/zmq/1.0.3/package.tgz' ],
silly spawning   '/Users/sharon/.npm/zmq/1.0.3/___package.npm' ]
silly tar err x package/.gitignore
silly tar err x package/binding.cc
silly tar err x package/LICENSE
silly tar err x package/package.json
silly tar err x package/README.md
silly tar err x package/wscript
silly tar err x package/zmq.js
silly tar err x package/test/stress_buffer.js
silly tar err x package/test/test.js
silly tar err x package/examples/connections.js
silly tar err x package/examples/pub.js
silly tar err x package/examples/simple-client.js
silly tar err x package/examples/simple-server.js
silly tar err x package/examples/stress-test-client.c
silly tar err x package/examples/stress-test-client.rb
silly tar err x package/examples/stress-test-server.js
silly tar err x package/examples/sub.js
silly tar err x package/examples/mongrel2/mongrel2.js
silly tar err x package/examples/mongrel2/sample.conf
silly asyncMap in gTP /Users/sharon/.npm/zmq/1.0.3/___package.npm/package
silly asyncMap in gTP /Users/sharon/.npm/zmq/1.0.3/___package.npm/package/.gitignore
silly asyncMap in gTP /Users/sharon/.npm/zmq/1.0.3/___package.npm/package/binding.cc
silly asyncMap in gTP /Users/sharon/.npm/zmq/1.0.3/___package.npm/package/LICENSE
silly asyncMap in gTP /Users/sharon/.npm/zmq/1.0.3/___package.npm/package/package.json
silly asyncMap in gTP /Users/sharon/.npm/zmq/1.0.3/___package.npm/package/README.md
silly asyncMap in gTP /Users/sharon/.npm/zmq/1.0.3/___package.npm/package/wscript
silly asyncMap in gTP /Users/sharon/.npm/zmq/1.0.3/___package.npm/package/zmq.js
silly asyncMap in gTP /Users/sharon/.npm/zmq/1.0.3/___package.npm/package/test
silly asyncMap in gTP /Users/sharon/.npm/zmq/1.0.3/___package.npm/package/test/stress_buffer.js
silly asyncMap in gTP /Users/sharon/.npm/zmq/1.0.3/___package.npm/package/test/test.js
silly asyncMap in gTP /Users/sharon/.npm/zmq/1.0.3/___package.npm/package/examples
silly asyncMap in gTP /Users/sharon/.npm/zmq/1.0.3/___package.npm/package/examples/connections.js
silly asyncMap in gTP /Users/sharon/.npm/zmq/1.0.3/___package.npm/package/examples/pub.js
silly asyncMap in gTP /Users/sharon/.npm/zmq/1.0.3/___package.npm/package/examples/simple-client.js
silly asyncMap in gTP /Users/sharon/.npm/zmq/1.0.3/___package.npm/package/examples/simple-server.js
silly asyncMap in gTP /Users/sharon/.npm/zmq/1.0.3/___package.npm/package/examples/stress-test-client.c
silly asyncMap in gTP /Users/sharon/.npm/zmq/1.0.3/___package.npm/package/examples/stress-test-client.rb
silly asyncMap in gTP /Users/sharon/.npm/zmq/1.0.3/___package.npm/package/examples/stress-test-server.js
silly asyncMap in gTP /Users/sharon/.npm/zmq/1.0.3/___package.npm/package/examples/sub.js
silly asyncMap in gTP /Users/sharon/.npm/zmq/1.0.3/___package.npm/package/examples/mongrel2
silly asyncMap in gTP /Users/sharon/.npm/zmq/1.0.3/___package.npm/package/examples/mongrel2/mongrel2.js
silly asyncMap in gTP /Users/sharon/.npm/zmq/1.0.3/___package.npm/package/examples/mongrel2/sample.conf
verbose gunzed /Users/sharon/.npm/zmq/1.0.3/___package.npm/package
verbose rm'ed /Users/sharon/.npm/zmq/1.0.3/package
verbose renamed [ '/Users/sharon/.npm/zmq/1.0.3/___package.npm/package',
verbose renamed   '/Users/sharon/.npm/zmq/1.0.3/package' ]
verbose has wscript [ undefined,
verbose has wscript   { file: '/Users/sharon/.npm/zmq/1.0.3/package/package.json',
verbose has wscript     contributors: false,
verbose has wscript     serverjs: false,
verbose has wscript     wscript: true } ]
silly testEngine { name: 'zmq',
silly testEngine   version: '1.0.3',
silly testEngine   description: 'Bindings for node.js to zeromq',
silly testEngine   main: 'zmq',
silly testEngine   repository: 
silly testEngine    { type: 'git',
silly testEngine      url: 'git://github.com/JustinTulloss/zeromq.node.git' },
silly testEngine   engines: { node: '>=0.3.0' },
silly testEngine   contributors: 
silly testEngine    [ { name: 'Justin Tulloss',
silly testEngine        email: 'justin.tulloss@gmail.com',
silly testEngine        url: 'http://justin.harmonize.fm' },
silly testEngine      { name: 'Stéphan Kochen',
silly testEngine        email: 'stephan@kochen.nl',
silly testEngine        url: 'http://stephan.kochen.nl/' },
silly testEngine      { name: 'Mike Castleman',
silly testEngine        email: 'm@mlcastle.net',
silly testEngine        url: 'http://mlcastle.net/' },
silly testEngine      { name: 'Matt Crocker' },
silly testEngine      { name: 'Jeremy Barnes',
silly testEngine        email: 'jeremy@barneso.com',
silly testEngine        url: 'http://www.barneso.com/' },
silly testEngine      { name: 'Rick',
silly testEngine        email: 'technoweenie@gmail.com',
silly testEngine        url: 'http://techno-weenie.net/' },
silly testEngine      { name: 'Corey Jewett', url: 'http://syntheticplayground.com/' },
silly testEngine      { name: 'Micheil Smith',
silly testEngine        email: 'micheil@brandedcode.com',
silly testEngine        url: 'http://brandedcode.com/' } ],
silly testEngine   _id: 'zmq@1.0.3',
silly testEngine   scripts: { preinstall: 'node-waf clean || true; node-waf configure build' },
silly testEngine   dependencies: {},
silly testEngine   devDependencies: {},
silly testEngine   _engineSupported: true,
silly testEngine   _npmVersion: '1.0.104',
silly testEngine   _nodeVersion: 'v0.6.0',
silly testEngine   _defaultsLoaded: true,
silly testEngine   dist: { shasum: '5f6b8ad86587640404281c8179b42eeec2e99259' } }
verbose caching /Users/sharon/.npm/zmq/1.0.3/package/package.json
verbose loadDefaults zmq@1.0.3
silly updated sha bytes 20480
info shasum 5f6b8ad86587640404281c8179b42eeec2e99259
info shasum /Users/sharon/.npm/zmq/1.0.3/package.tgz
verbose from cache /Users/sharon/.npm/zmq/1.0.3/package/package.json
verbose chmod /Users/sharon/.npm/zmq/1.0.3/package.tgz 644
verbose chown [ '/Users/sharon/.npm/zmq/1.0.3/package.tgz', 504, 20 ]
silly resolved [ { name: 'zmq',
silly resolved     version: '1.0.3',
silly resolved     description: 'Bindings for node.js to zeromq',
silly resolved     main: 'zmq',
silly resolved     repository: 
silly resolved      { type: 'git',
silly resolved        url: 'git://github.com/JustinTulloss/zeromq.node.git' },
silly resolved     engines: { node: '>=0.3.0' },
silly resolved     contributors: 
silly resolved      [ { name: 'Justin Tulloss',
silly resolved          email: 'justin.tulloss@gmail.com',
silly resolved          url: 'http://justin.harmonize.fm' },
silly resolved        { name: 'Stéphan Kochen',
silly resolved          email: 'stephan@kochen.nl',
silly resolved          url: 'http://stephan.kochen.nl/' },
silly resolved        { name: 'Mike Castleman',
silly resolved          email: 'm@mlcastle.net',
silly resolved          url: 'http://mlcastle.net/' },
silly resolved        { name: 'Matt Crocker' },
silly resolved        { name: 'Jeremy Barnes',
silly resolved          email: 'jeremy@barneso.com',
silly resolved          url: 'http://www.barneso.com/' },
silly resolved        { name: 'Rick',
silly resolved          email: 'technoweenie@gmail.com',
silly resolved          url: 'http://techno-weenie.net/' },
silly resolved        { name: 'Corey Jewett', url: 'http://syntheticplayground.com/' },
silly resolved        { name: 'Micheil Smith',
silly resolved          email: 'micheil@brandedcode.com',
silly resolved          url: 'http://brandedcode.com/' } ],
silly resolved     _id: 'zmq@1.0.3',
silly resolved     scripts: { preinstall: 'node-waf clean || true; node-waf configure build' },
silly resolved     dependencies: {},
silly resolved     devDependencies: {},
silly resolved     _engineSupported: true,
silly resolved     _npmVersion: '1.0.104',
silly resolved     _nodeVersion: 'v0.6.0',
silly resolved     _defaultsLoaded: true,
silly resolved     dist: { shasum: '5f6b8ad86587640404281c8179b42eeec2e99259' } } ]
info into /usr/local/lib zmq@1.0.3
info installOne zmq@1.0.3
info unbuild /usr/local/lib/node_modules/zmq
verbose from cache /Users/sharon/.npm/zmq/1.0.3/package/package.json
verbose mkdir (expected) error ENOENT, No such file or directory '/usr/local/lib/node_modules/___zmq.npm'
verbose mkdir done: /usr/local/lib/node_modules/___zmq.npm 755
verbose unpack_ uid, gid [ undefined, undefined ]
verbose unpackTarget /usr/local/lib/node_modules/zmq
silly gunzTarPerm modes [ '755', '644' ]
silly spawning [ 'tar',
silly spawning   [ '-zmvxpf', '/Users/sharon/.npm/zmq/1.0.3/package.tgz' ],
silly spawning   '/usr/local/lib/node_modules/___zmq.npm' ]
silly tar err x package/.gitignore
silly tar err x package/binding.cc
silly tar err x package/LICENSE
silly tar err x package/package.json
silly tar err x package/README.md
silly tar err x package/wscript
silly tar err x package/zmq.js
silly tar err x package/test/stress_buffer.js
silly tar err x package/test/test.js
silly tar err x package/examples/connections.js
silly tar err x package/examples/pub.js
silly tar err x package/examples/simple-client.js
silly tar err x package/examples/simple-server.js
silly tar err x package/examples/stress-test-client.c
silly tar err x package/examples/stress-test-client.rb
silly tar err x package/examples/stress-test-server.js
silly tar err x package/examples/sub.js
silly tar err x package/examples/mongrel2/mongrel2.js
silly tar err x package/examples/mongrel2/sample.conf
silly asyncMap in gTP /usr/local/lib/node_modules/___zmq.npm/package
silly asyncMap in gTP /usr/local/lib/node_modules/___zmq.npm/package/.gitignore
silly asyncMap in gTP /usr/local/lib/node_modules/___zmq.npm/package/binding.cc
silly asyncMap in gTP /usr/local/lib/node_modules/___zmq.npm/package/LICENSE
silly asyncMap in gTP /usr/local/lib/node_modules/___zmq.npm/package/package.json
silly asyncMap in gTP /usr/local/lib/node_modules/___zmq.npm/package/README.md
silly asyncMap in gTP /usr/local/lib/node_modules/___zmq.npm/package/wscript
silly asyncMap in gTP /usr/local/lib/node_modules/___zmq.npm/package/zmq.js
silly asyncMap in gTP /usr/local/lib/node_modules/___zmq.npm/package/test
silly asyncMap in gTP /usr/local/lib/node_modules/___zmq.npm/package/test/stress_buffer.js
silly asyncMap in gTP /usr/local/lib/node_modules/___zmq.npm/package/test/test.js
silly asyncMap in gTP /usr/local/lib/node_modules/___zmq.npm/package/examples
silly asyncMap in gTP /usr/local/lib/node_modules/___zmq.npm/package/examples/connections.js
silly asyncMap in gTP /usr/local/lib/node_modules/___zmq.npm/package/examples/pub.js
silly asyncMap in gTP /usr/local/lib/node_modules/___zmq.npm/package/examples/simple-client.js
silly asyncMap in gTP /usr/local/lib/node_modules/___zmq.npm/package/examples/simple-server.js
silly asyncMap in gTP /usr/local/lib/node_modules/___zmq.npm/package/examples/stress-test-client.c
silly asyncMap in gTP /usr/local/lib/node_modules/___zmq.npm/package/examples/stress-test-client.rb
silly asyncMap in gTP /usr/local/lib/node_modules/___zmq.npm/package/examples/stress-test-server.js
silly asyncMap in gTP /usr/local/lib/node_modules/___zmq.npm/package/examples/sub.js
silly asyncMap in gTP /usr/local/lib/node_modules/___zmq.npm/package/examples/mongrel2
silly asyncMap in gTP /usr/local/lib/node_modules/___zmq.npm/package/examples/mongrel2/mongrel2.js
silly asyncMap in gTP /usr/local/lib/node_modules/___zmq.npm/package/examples/mongrel2/sample.conf
verbose gunzed /usr/local/lib/node_modules/___zmq.npm/package
verbose rm'ed /usr/local/lib/node_modules/zmq
verbose renamed [ '/usr/local/lib/node_modules/___zmq.npm/package',
verbose renamed   '/usr/local/lib/node_modules/zmq' ]
verbose has wscript [ undefined,
verbose has wscript   { file: '/usr/local/lib/node_modules/zmq/package.json',
verbose has wscript     contributors: false,
verbose has wscript     serverjs: false,
verbose has wscript     wscript: true } ]
silly testEngine { name: 'zmq',
silly testEngine   version: '1.0.3',
silly testEngine   description: 'Bindings for node.js to zeromq',
silly testEngine   main: 'zmq',
silly testEngine   repository: 
silly testEngine    { type: 'git',
silly testEngine      url: 'git://github.com/JustinTulloss/zeromq.node.git' },
silly testEngine   engines: { node: '>=0.3.0' },
silly testEngine   contributors: 
silly testEngine    [ { name: 'Justin Tulloss',
silly testEngine        email: 'justin.tulloss@gmail.com',
silly testEngine        url: 'http://justin.harmonize.fm' },
silly testEngine      { name: 'Stéphan Kochen',
silly testEngine        email: 'stephan@kochen.nl',
silly testEngine        url: 'http://stephan.kochen.nl/' },
silly testEngine      { name: 'Mike Castleman',
silly testEngine        email: 'm@mlcastle.net',
silly testEngine        url: 'http://mlcastle.net/' },
silly testEngine      { name: 'Matt Crocker' },
silly testEngine      { name: 'Jeremy Barnes',
silly testEngine        email: 'jeremy@barneso.com',
silly testEngine        url: 'http://www.barneso.com/' },
silly testEngine      { name: 'Rick',
silly testEngine        email: 'technoweenie@gmail.com',
silly testEngine        url: 'http://techno-weenie.net/' },
silly testEngine      { name: 'Corey Jewett', url: 'http://syntheticplayground.com/' },
silly testEngine      { name: 'Micheil Smith',
silly testEngine        email: 'micheil@brandedcode.com',
silly testEngine        url: 'http://brandedcode.com/' } ],
silly testEngine   _id: 'zmq@1.0.3',
silly testEngine   scripts: { preinstall: 'node-waf clean || true; node-waf configure build' },
silly testEngine   dependencies: {},
silly testEngine   devDependencies: {},
silly testEngine   _engineSupported: true,
silly testEngine   _npmVersion: '1.0.104',
silly testEngine   _nodeVersion: 'v0.6.0',
silly testEngine   _defaultsLoaded: true }
verbose caching /usr/local/lib/node_modules/zmq/package.json
verbose loadDefaults zmq@1.0.3
info preinstall zmq@1.0.3
verbose unsafe-perm in lifecycle true
silly exec sh "-c" "node-waf clean || true; node-waf configure build"
silly spawning [ 'sh',
silly spawning   [ '-c', 'node-waf clean || true; node-waf configure build' ],
silly spawning   '/usr/local/lib/node_modules/zmq' ]
info zmq@1.0.3 Failed to exec preinstall script
ERR! error installing zmq@1.0.3 Error: zmq@1.0.3 preinstall: `node-waf clean || true; node-waf configure build`
ERR! error installing zmq@1.0.3 `sh "-c" "node-waf clean || true; node-waf configure build"` failed with 1
ERR! error installing zmq@1.0.3     at ChildProcess.<anonymous> (/usr/local/lib/node_modules/npm/lib/utils/exec.js:49:20)
ERR! error installing zmq@1.0.3     at ChildProcess.emit (events.js:70:17)
ERR! error installing zmq@1.0.3     at maybeExit (child_process.js:359:16)
ERR! error installing zmq@1.0.3     at Process.onexit (child_process.js:395:5)
info unbuild /usr/local/lib/node_modules/zmq
verbose from cache /usr/local/lib/node_modules/zmq/package.json
info preuninstall zmq@1.0.3
info uninstall zmq@1.0.3
verbose unbuild zmq@1.0.3 [ true,
verbose unbuild zmq@1.0.3   '/usr/local/lib/node_modules',
verbose unbuild zmq@1.0.3   '/usr/local/lib/node_modules' ]
info postuninstall zmq@1.0.3
verbose installOne cb zmq@1.0.3
ERR! zmq@1.0.3 preinstall: `node-waf clean || true; node-waf configure build`
ERR! `sh "-c" "node-waf clean || true; node-waf configure build"` failed with 1
ERR! 
ERR! Failed at the zmq@1.0.3 preinstall script.
ERR! This is most likely a problem with the zmq package,
ERR! not with npm itself.
ERR! Tell the author that this fails on your system:
ERR!     node-waf clean || true; node-waf configure build
ERR! You can get their info via:
ERR!     npm owner ls zmq
ERR! There is likely additional logging output above.
ERR! 
ERR! System Darwin 11.2.0
ERR! command "node" "/usr/local/bin/npm" "install" "-g" "zmq"
ERR! cwd /Users/sharon/repo/music/_digibach
ERR! node -v v0.6.0
ERR! npm -v 1.0.104
ERR! code ELIFECYCLE
verbose exit [ 1, true ]
